[00:49:53] [ServerMain/INFO]: Environment: Environment[sessionHost=https://sessionserver.mojang.com, servicesHost=https://api.minecraftservices.com, name=PROD]
[00:49:56] [ServerMain/INFO]: Loaded 1290 recipes
[00:49:56] [ServerMain/INFO]: Loaded 1399 advancements
[00:49:57] [Server thread/INFO]: Starting minecraft server version 1.21
[00:49:57] [Server thread/INFO]: Loading properties
[00:49:57] [Server thread/INFO]: Default game type: SURVIVAL
[00:49:57] [Server thread/INFO]: Generating keypair
[00:49:57] [Server thread/INFO]: Starting Minecraft server on *:25565
[00:49:57] [Server thread/INFO]: Using epoll channel type
[00:49:57] [Server thread/WARN]: **** SERVER IS RUNNING IN OFFLINE/INSECURE MODE!
[00:49:57] [Server thread/WARN]: The server will make no attempt to authenticate usernames. Beware.
[00:49:57] [Server thread/WARN]: While this makes the game possible to play without internet access, it also opens up the ability for hackers to connect with any username they choose.
[00:49:57] [Server thread/WARN]: To change this, set "online-mode" to "true" in the server.properties file.
[00:49:57] [Server thread/INFO]: Preparing level "world"
[00:50:02] [Server thread/INFO]: Preparing start region for dimension minecraft:overworld
[00:50:02] [Worker-Main-2/INFO]: Preparing spawn area: 0%
[00:50:02] [Worker-Main-3/INFO]: Preparing spawn area: 0%
[00:50:02] [Server thread/INFO]: Time elapsed: 766 ms
[00:50:02] [Server thread/INFO]: Done (5.654s)! For help, type "help"
[00:55:15] [Server thread/INFO]: Cafssterr[/100.120.74.125:58016] logged in with entity id 55 at (-12.819114657711651, 110.0, -12.655305789439929)
[00:55:15] [Server thread/INFO]: Cafssterr joined the game
[00:58:01] [Server thread/INFO]: Cafssterr was slain by Enderman
